2015-11-13 00:36:17,512 - Log4JLogChute initialized using file 'velocity.log'
2015-11-13 00:36:17,523 - Velocity was not initialized! Calling init()...
2015-11-13 00:36:17,524 - Starting Apache Velocity v1.5 (compiled: 2007-02-22 08:52:29)
2015-11-13 00:36:17,524 - Default Properties File: org/apache/velocity/runtime/defaults/velocity.properties
2015-11-13 00:36:17,524 - Trying to use logger class org.apache.velocity.runtime.log.AvalonLogChute
2015-11-13 00:36:17,525 - Couldn't find class org.apache.velocity.runtime.log.AvalonLogChute or necessary supporting classes in classpath.
java.lang.NoClassDefFoundError: org/apache/log/format/Formatter
	at java.lang.Class.forName0(Native Method)
	at java.lang.Class.forName(Class.java:348)
	at org.apache.velocity.util.ClassUtils.getClass(ClassUtils.java:63)
	at org.apache.velocity.util.ClassUtils.getNewInstance(ClassUtils.java:95)
	at org.apache.velocity.runtime.log.LogManager.createLogChute(LogManager.java:147)
	at org.apache.velocity.runtime.log.LogManager.updateLog(LogManager.java:208)
	at org.apache.velocity.runtime.RuntimeInstance.initializeLog(RuntimeInstance.java:728)
	at org.apache.velocity.runtime.RuntimeInstance.init(RuntimeInstance.java:240)
	at org.apache.velocity.runtime.RuntimeInstance.parse(RuntimeInstance.java:993)
	at org.apache.velocity.runtime.RuntimeInstance.parse(RuntimeInstance.java:972)
	at org.apache.velocity.runtime.RuntimeSingleton.parse(RuntimeSingleton.java:265)
	at org.apache.velocity.app.Velocity.evaluate(Velocity.java:274)
	at org.sonatype.mavenbook.weather.WeatherFormatter.format(WeatherFormatter.java:21)
	at org.sonatype.mavenbook.weather.WeatherService.retrieveForecast(WeatherService.java:17)
	at org.sonatype.mavenbook.web.WeatherServlet.doGet(WeatherServlet.java:16)
	at javax.servlet.http.HttpServlet.service(HttpServlet.java:707)
	at javax.servlet.http.HttpServlet.service(HttpServlet.java:820)
	at org.mortbay.jetty.servlet.ServletHolder.handle(ServletHolder.java:487)
	at org.mortbay.jetty.servlet.ServletHandler.handle(ServletHandler.java:362)
	at org.mortbay.jetty.security.SecurityHandler.handle(SecurityHandler.java:216)
	at org.mortbay.jetty.servlet.SessionHandler.handle(SessionHandler.java:181)
	at org.mortbay.jetty.handler.ContextHandler.handle(ContextHandler.java:726)
	at org.mortbay.jetty.webapp.WebAppContext.handle(WebAppContext.java:405)
	at org.mortbay.jetty.handler.ContextHandlerCollection.handle(ContextHandlerCollection.java:206)
	at org.mortbay.jetty.handler.HandlerCollection.handle(HandlerCollection.java:114)
	at org.mortbay.jetty.handler.HandlerWrapper.handle(HandlerWrapper.java:152)
	at org.mortbay.jetty.Server.handle(Server.java:324)
	at org.mortbay.jetty.HttpConnection.handleRequest(HttpConnection.java:505)
	at org.mortbay.jetty.HttpConnection$RequestHandler.headerComplete(HttpConnection.java:828)
	at org.mortbay.jetty.HttpParser.parseNext(HttpParser.java:514)
	at org.mortbay.jetty.HttpParser.parseAvailable(HttpParser.java:211)
	at org.mortbay.jetty.HttpConnection.handle(HttpConnection.java:380)
	at org.mortbay.io.nio.SelectChannelEndPoint.run(SelectChannelEndPoint.java:395)
	at org.mortbay.thread.BoundedThreadPool$PoolThread.run(BoundedThreadPool.java:450)
Caused by: java.lang.ClassNotFoundException: org.apache.log.format.Formatter
	at org.codehaus.plexus.classworlds.strategy.SelfFirstStrategy.loadClass(SelfFirstStrategy.java:50)
	at org.codehaus.plexus.classworlds.realm.ClassRealm.unsynchronizedLoadClass(ClassRealm.java:259)
	at org.codehaus.plexus.classworlds.realm.ClassRealm.loadClass(ClassRealm.java:235)
	at org.codehaus.plexus.classworlds.realm.ClassRealm.loadClass(ClassRealm.java:227)
	at org.mortbay.jetty.webapp.WebAppClassLoader.loadClass(WebAppClassLoader.java:375)
	at org.mortbay.jetty.webapp.WebAppClassLoader.loadClass(WebAppClassLoader.java:337)
	... 34 more
2015-11-13 00:36:17,526 - Trying to use logger class org.apache.velocity.runtime.log.Log4JLogChute
2015-11-13 00:36:17,526 - Using logger class org.apache.velocity.runtime.log.Log4JLogChute
2015-11-13 00:36:17,528 - Default ResourceManager initializing. (class org.apache.velocity.runtime.resource.ResourceManagerImpl)
2015-11-13 00:36:17,531 - ResourceLoader instantiated: org.apache.velocity.runtime.resource.loader.FileResourceLoader
2015-11-13 00:36:17,532 - Do unicode file recognition:  false
2015-11-13 00:36:17,532 - FileResourceLoader : adding path '.'
2015-11-13 00:36:17,548 - ResourceCache: initialized (class org.apache.velocity.runtime.resource.ResourceCacheImpl)
2015-11-13 00:36:17,548 - Loaded System Directive: org.apache.velocity.runtime.directive.Literal
2015-11-13 00:36:17,550 - Loaded System Directive: org.apache.velocity.runtime.directive.Macro
2015-11-13 00:36:17,551 - Loaded System Directive: org.apache.velocity.runtime.directive.Parse
2015-11-13 00:36:17,552 - Loaded System Directive: org.apache.velocity.runtime.directive.Include
2015-11-13 00:36:17,553 - Loaded System Directive: org.apache.velocity.runtime.directive.Foreach
2015-11-13 00:36:17,580 - Created '20' parsers.
2015-11-13 00:36:17,584 - Velocimacro : "velocimacro.library" is not set.  Trying default library: VM_global_library.vm
2015-11-13 00:36:17,584 - Velocimacro : Default library not found.
2015-11-13 00:36:17,584 - Velocimacro : allowInline = true : VMs can be defined inline in templates
2015-11-13 00:36:17,584 - Velocimacro : allowInlineToOverride = false : VMs defined inline may NOT replace previous VM definitions
2015-11-13 00:36:17,584 - Velocimacro : allowInlineLocal = false : VMs defined inline will be global in scope if allowed.
2015-11-13 00:36:17,584 - Velocimacro : autoload off : VM system will not automatically reload global library macros
2015-11-13 00:40:16,467 - Log4JLogChute initialized using file 'velocity.log'
2015-11-13 00:40:16,468 - Velocity was not initialized! Calling init()...
2015-11-13 00:40:16,468 - Starting Apache Velocity v1.5 (compiled: 2007-02-22 08:52:29)
2015-11-13 00:40:16,468 - Default Properties File: org/apache/velocity/runtime/defaults/velocity.properties
2015-11-13 00:40:16,468 - Trying to use logger class org.apache.velocity.runtime.log.AvalonLogChute
2015-11-13 00:40:16,469 - Couldn't find class org.apache.velocity.runtime.log.AvalonLogChute or necessary supporting classes in classpath.
java.lang.NoClassDefFoundError: org/apache/log/format/Formatter
	at java.lang.Class.forName0(Native Method)
	at java.lang.Class.forName(Class.java:348)
	at org.apache.velocity.util.ClassUtils.getClass(ClassUtils.java:63)
	at org.apache.velocity.util.ClassUtils.getNewInstance(ClassUtils.java:95)
	at org.apache.velocity.runtime.log.LogManager.createLogChute(LogManager.java:147)
	at org.apache.velocity.runtime.log.LogManager.updateLog(LogManager.java:208)
	at org.apache.velocity.runtime.RuntimeInstance.initializeLog(RuntimeInstance.java:728)
	at org.apache.velocity.runtime.RuntimeInstance.init(RuntimeInstance.java:240)
	at org.apache.velocity.runtime.RuntimeInstance.parse(RuntimeInstance.java:993)
	at org.apache.velocity.runtime.RuntimeInstance.parse(RuntimeInstance.java:972)
	at org.apache.velocity.runtime.RuntimeSingleton.parse(RuntimeSingleton.java:265)
	at org.apache.velocity.app.Velocity.evaluate(Velocity.java:274)
	at org.sonatype.mavenbook.weather.WeatherFormatter.format(WeatherFormatter.java:21)
	at org.sonatype.mavenbook.weather.WeatherService.retrieveForecast(WeatherService.java:17)
	at org.sonatype.mavenbook.web.WeatherServlet.doGet(WeatherServlet.java:16)
	at javax.servlet.http.HttpServlet.service(HttpServlet.java:622)
	at javax.servlet.http.HttpServlet.service(HttpServlet.java:729)
	at org.apache.catalina.core.ApplicationFilterChain.internalDoFilter(ApplicationFilterChain.java:291)
	at org.apache.catalina.core.ApplicationFilterChain.doFilter(ApplicationFilterChain.java:206)
	at org.apache.tomcat.websocket.server.WsFilter.doFilter(WsFilter.java:52)
	at org.apache.catalina.core.ApplicationFilterChain.internalDoFilter(ApplicationFilterChain.java:239)
	at org.apache.catalina.core.ApplicationFilterChain.doFilter(ApplicationFilterChain.java:206)
	at org.apache.catalina.core.StandardWrapperValve.invoke(StandardWrapperValve.java:217)
	at org.apache.catalina.core.StandardContextValve.invoke(StandardContextValve.java:106)
	at org.apache.catalina.authenticator.AuthenticatorBase.invoke(AuthenticatorBase.java:502)
	at org.apache.catalina.core.StandardHostValve.invoke(StandardHostValve.java:142)
	at org.apache.catalina.valves.ErrorReportValve.invoke(ErrorReportValve.java:79)
	at org.apache.catalina.valves.AbstractAccessLogValve.invoke(AbstractAccessLogValve.java:616)
	at org.apache.catalina.core.StandardEngineValve.invoke(StandardEngineValve.java:88)
	at org.apache.catalina.connector.CoyoteAdapter.service(CoyoteAdapter.java:518)
	at org.apache.coyote.http11.AbstractHttp11Processor.process(AbstractHttp11Processor.java:1091)
	at org.apache.coyote.AbstractProtocol$AbstractConnectionHandler.process(AbstractProtocol.java:673)
	at org.apache.tomcat.util.net.NioEndpoint$SocketProcessor.doRun(NioEndpoint.java:1500)
	at org.apache.tomcat.util.net.NioEndpoint$SocketProcessor.run(NioEndpoint.java:1456)
	at java.util.concurrent.ThreadPoolExecutor.runWorker(ThreadPoolExecutor.java:1142)
	at java.util.concurrent.ThreadPoolExecutor$Worker.run(ThreadPoolExecutor.java:617)
	at org.apache.tomcat.util.threads.TaskThread$WrappingRunnable.run(TaskThread.java:61)
	at java.lang.Thread.run(Thread.java:745)
Caused by: java.lang.ClassNotFoundException: org.apache.log.format.Formatter
	at org.apache.catalina.loader.WebappClassLoaderBase.loadClass(WebappClassLoaderBase.java:1333)
	at org.apache.catalina.loader.WebappClassLoaderBase.loadClass(WebappClassLoaderBase.java:1167)
	... 38 more
2015-11-13 00:40:16,471 - Trying to use logger class org.apache.velocity.runtime.log.Log4JLogChute
2015-11-13 00:40:16,471 - Using logger class org.apache.velocity.runtime.log.Log4JLogChute
2015-11-13 00:40:16,474 - Default ResourceManager initializing. (class org.apache.velocity.runtime.resource.ResourceManagerImpl)
2015-11-13 00:40:16,478 - ResourceLoader instantiated: org.apache.velocity.runtime.resource.loader.FileResourceLoader
2015-11-13 00:40:16,480 - Do unicode file recognition:  false
2015-11-13 00:40:16,480 - FileResourceLoader : adding path '.'
2015-11-13 00:40:16,494 - ResourceCache: initialized (class org.apache.velocity.runtime.resource.ResourceCacheImpl)
2015-11-13 00:40:16,495 - Loaded System Directive: org.apache.velocity.runtime.directive.Literal
2015-11-13 00:40:16,497 - Loaded System Directive: org.apache.velocity.runtime.directive.Macro
2015-11-13 00:40:16,499 - Loaded System Directive: org.apache.velocity.runtime.directive.Parse
2015-11-13 00:40:16,500 - Loaded System Directive: org.apache.velocity.runtime.directive.Include
2015-11-13 00:40:16,502 - Loaded System Directive: org.apache.velocity.runtime.directive.Foreach
2015-11-13 00:40:16,537 - Created '20' parsers.
2015-11-13 00:40:16,543 - Velocimacro : "velocimacro.library" is not set.  Trying default library: VM_global_library.vm
2015-11-13 00:40:16,544 - Velocimacro : Default library not found.
2015-11-13 00:40:16,544 - Velocimacro : allowInline = true : VMs can be defined inline in templates
2015-11-13 00:40:16,544 - Velocimacro : allowInlineToOverride = false : VMs defined inline may NOT replace previous VM definitions
2015-11-13 00:40:16,544 - Velocimacro : allowInlineLocal = false : VMs defined inline will be global in scope if allowed.
2015-11-13 00:40:16,544 - Velocimacro : autoload off : VM system will not automatically reload global library macros
