2015-11-13 00:34:15,470 - Log4JLogChute initialized using file 'velocity.log'
2015-11-13 00:34:15,471 - Velocity was not initialized! Calling init()...
2015-11-13 00:34:15,471 - Starting Apache Velocity v1.5 (compiled: 2007-02-22 08:52:29)
2015-11-13 00:34:15,471 - Default Properties File: org/apache/velocity/runtime/defaults/velocity.properties
2015-11-13 00:34:15,471 - Trying to use logger class org.apache.velocity.runtime.log.AvalonLogChute
2015-11-13 00:34:15,472 - Couldn't find class org.apache.velocity.runtime.log.AvalonLogChute or necessary supporting classes in classpath.
java.lang.NoClassDefFoundError: org/apache/log/format/Formatter
	at java.lang.Class.forName0(Native Method)
	at java.lang.Class.forName(Class.java:348)
	at org.apache.velocity.util.ClassUtils.getClass(ClassUtils.java:63)
	at org.apache.velocity.util.ClassUtils.getNewInstance(ClassUtils.java:95)
	at org.apache.velocity.runtime.log.LogManager.createLogChute(LogManager.java:147)
	at org.apache.velocity.runtime.log.LogManager.updateLog(LogManager.java:208)
	at org.apache.velocity.runtime.RuntimeInstance.initializeLog(RuntimeInstance.java:728)
	at org.apache.velocity.runtime.RuntimeInstance.init(RuntimeInstance.java:240)
	at org.apache.velocity.runtime.RuntimeInstance.parse(RuntimeInstance.java:993)
	at org.apache.velocity.runtime.RuntimeInstance.parse(RuntimeInstance.java:972)
	at org.apache.velocity.runtime.RuntimeSingleton.parse(RuntimeSingleton.java:265)
	at org.apache.velocity.app.Velocity.evaluate(Velocity.java:274)
	at org.sonatype.mavenbook.weather.WeatherFormatter.format(WeatherFormatter.java:21)
	at org.sonatype.mavenbook.weather.yahoo.WeatherFormatterTest.testFormat(WeatherFormatterTest.java:23)
	at sun.reflect.NativeMethodAccessorImpl.invoke0(Native Method)
	at sun.reflect.NativeMethodAccessorImpl.invoke(NativeMethodAccessorImpl.java:62)
	at sun.reflect.DelegatingMethodAccessorImpl.invoke(DelegatingMethodAccessorImpl.java:43)
	at java.lang.reflect.Method.invoke(Method.java:497)
	at junit.framework.TestCase.runTest(TestCase.java:176)
	at junit.framework.TestCase.runBare(TestCase.java:141)
	at junit.framework.TestResult$1.protect(TestResult.java:122)
	at junit.framework.TestResult.runProtected(TestResult.java:142)
	at junit.framework.TestResult.run(TestResult.java:125)
	at junit.framework.TestCase.run(TestCase.java:129)
	at junit.framework.TestSuite.runTest(TestSuite.java:252)
	at junit.framework.TestSuite.run(TestSuite.java:247)
	at org.junit.internal.runners.JUnit38ClassRunner.run(JUnit38ClassRunner.java:86)
	at org.apache.maven.surefire.junit4.JUnit4TestSet.execute(JUnit4TestSet.java:53)
	at org.apache.maven.surefire.junit4.JUnit4Provider.executeTestSet(JUnit4Provider.java:123)
	at org.apache.maven.surefire.junit4.JUnit4Provider.invoke(JUnit4Provider.java:104)
	at sun.reflect.NativeMethodAccessorImpl.invoke0(Native Method)
	at sun.reflect.NativeMethodAccessorImpl.invoke(NativeMethodAccessorImpl.java:62)
	at sun.reflect.DelegatingMethodAccessorImpl.invoke(DelegatingMethodAccessorImpl.java:43)
	at java.lang.reflect.Method.invoke(Method.java:497)
	at org.apache.maven.surefire.util.ReflectionUtils.invokeMethodWithArray(ReflectionUtils.java:164)
	at org.apache.maven.surefire.booter.ProviderFactory$ProviderProxy.invoke(ProviderFactory.java:110)
	at org.apache.maven.surefire.booter.SurefireStarter.invokeProvider(SurefireStarter.java:175)
	at org.apache.maven.surefire.booter.SurefireStarter.runSuitesInProcessWhenForked(SurefireStarter.java:107)
	at org.apache.maven.surefire.booter.ForkedBooter.main(ForkedBooter.java:68)
Caused by: java.lang.ClassNotFoundException: org.apache.log.format.Formatter
	at java.net.URLClassLoader.findClass(URLClassLoader.java:381)
	at java.lang.ClassLoader.loadClass(ClassLoader.java:424)
	at sun.misc.Launcher$AppClassLoader.loadClass(Launcher.java:331)
	at java.lang.ClassLoader.loadClass(ClassLoader.java:357)
	... 39 more
2015-11-13 00:34:15,474 - Trying to use logger class org.apache.velocity.runtime.log.Log4JLogChute
2015-11-13 00:34:15,474 - Using logger class org.apache.velocity.runtime.log.Log4JLogChute
2015-11-13 00:34:15,476 - Default ResourceManager initializing. (class org.apache.velocity.runtime.resource.ResourceManagerImpl)
2015-11-13 00:34:15,480 - ResourceLoader instantiated: org.apache.velocity.runtime.resource.loader.FileResourceLoader
2015-11-13 00:34:15,481 - Do unicode file recognition:  false
2015-11-13 00:34:15,481 - FileResourceLoader : adding path '.'
2015-11-13 00:34:15,518 - ResourceCache: initialized (class org.apache.velocity.runtime.resource.ResourceCacheImpl)
2015-11-13 00:34:15,519 - Loaded System Directive: org.apache.velocity.runtime.directive.Literal
2015-11-13 00:34:15,520 - Loaded System Directive: org.apache.velocity.runtime.directive.Macro
2015-11-13 00:34:15,521 - Loaded System Directive: org.apache.velocity.runtime.directive.Parse
2015-11-13 00:34:15,523 - Loaded System Directive: org.apache.velocity.runtime.directive.Include
2015-11-13 00:34:15,524 - Loaded System Directive: org.apache.velocity.runtime.directive.Foreach
2015-11-13 00:34:15,545 - Created '20' parsers.
2015-11-13 00:34:15,549 - Velocimacro : "velocimacro.library" is not set.  Trying default library: VM_global_library.vm
2015-11-13 00:34:15,550 - Velocimacro : Default library not found.
2015-11-13 00:34:15,550 - Velocimacro : allowInline = true : VMs can be defined inline in templates
2015-11-13 00:34:15,550 - Velocimacro : allowInlineToOverride = false : VMs defined inline may NOT replace previous VM definitions
2015-11-13 00:34:15,550 - Velocimacro : allowInlineLocal = false : VMs defined inline will be global in scope if allowed.
2015-11-13 00:34:15,550 - Velocimacro : autoload off : VM system will not automatically reload global library macros
2015-11-13 00:34:48,742 - Log4JLogChute initialized using file 'velocity.log'
2015-11-13 00:34:48,742 - Velocity was not initialized! Calling init()...
2015-11-13 00:34:48,742 - Starting Apache Velocity v1.5 (compiled: 2007-02-22 08:52:29)
2015-11-13 00:34:48,742 - Default Properties File: org/apache/velocity/runtime/defaults/velocity.properties
2015-11-13 00:34:48,742 - Trying to use logger class org.apache.velocity.runtime.log.AvalonLogChute
2015-11-13 00:34:48,744 - Couldn't find class org.apache.velocity.runtime.log.AvalonLogChute or necessary supporting classes in classpath.
java.lang.NoClassDefFoundError: org/apache/log/format/Formatter
	at java.lang.Class.forName0(Native Method)
	at java.lang.Class.forName(Class.java:348)
	at org.apache.velocity.util.ClassUtils.getClass(ClassUtils.java:63)
	at org.apache.velocity.util.ClassUtils.getNewInstance(ClassUtils.java:95)
	at org.apache.velocity.runtime.log.LogManager.createLogChute(LogManager.java:147)
	at org.apache.velocity.runtime.log.LogManager.updateLog(LogManager.java:208)
	at org.apache.velocity.runtime.RuntimeInstance.initializeLog(RuntimeInstance.java:728)
	at org.apache.velocity.runtime.RuntimeInstance.init(RuntimeInstance.java:240)
	at org.apache.velocity.runtime.RuntimeInstance.parse(RuntimeInstance.java:993)
	at org.apache.velocity.runtime.RuntimeInstance.parse(RuntimeInstance.java:972)
	at org.apache.velocity.runtime.RuntimeSingleton.parse(RuntimeSingleton.java:265)
	at org.apache.velocity.app.Velocity.evaluate(Velocity.java:274)
	at org.sonatype.mavenbook.weather.WeatherFormatter.format(WeatherFormatter.java:21)
	at org.sonatype.mavenbook.weather.yahoo.WeatherFormatterTest.testFormat(WeatherFormatterTest.java:23)
	at sun.reflect.NativeMethodAccessorImpl.invoke0(Native Method)
	at sun.reflect.NativeMethodAccessorImpl.invoke(NativeMethodAccessorImpl.java:62)
	at sun.reflect.DelegatingMethodAccessorImpl.invoke(DelegatingMethodAccessorImpl.java:43)
	at java.lang.reflect.Method.invoke(Method.java:497)
	at junit.framework.TestCase.runTest(TestCase.java:176)
	at junit.framework.TestCase.runBare(TestCase.java:141)
	at junit.framework.TestResult$1.protect(TestResult.java:122)
	at junit.framework.TestResult.runProtected(TestResult.java:142)
	at junit.framework.TestResult.run(TestResult.java:125)
	at junit.framework.TestCase.run(TestCase.java:129)
	at junit.framework.TestSuite.runTest(TestSuite.java:252)
	at junit.framework.TestSuite.run(TestSuite.java:247)
	at org.junit.internal.runners.JUnit38ClassRunner.run(JUnit38ClassRunner.java:86)
	at org.apache.maven.surefire.junit4.JUnit4TestSet.execute(JUnit4TestSet.java:53)
	at org.apache.maven.surefire.junit4.JUnit4Provider.executeTestSet(JUnit4Provider.java:123)
	at org.apache.maven.surefire.junit4.JUnit4Provider.invoke(JUnit4Provider.java:104)
	at sun.reflect.NativeMethodAccessorImpl.invoke0(Native Method)
	at sun.reflect.NativeMethodAccessorImpl.invoke(NativeMethodAccessorImpl.java:62)
	at sun.reflect.DelegatingMethodAccessorImpl.invoke(DelegatingMethodAccessorImpl.java:43)
	at java.lang.reflect.Method.invoke(Method.java:497)
	at org.apache.maven.surefire.util.ReflectionUtils.invokeMethodWithArray(ReflectionUtils.java:164)
	at org.apache.maven.surefire.booter.ProviderFactory$ProviderProxy.invoke(ProviderFactory.java:110)
	at org.apache.maven.surefire.booter.SurefireStarter.invokeProvider(SurefireStarter.java:175)
	at org.apache.maven.surefire.booter.SurefireStarter.runSuitesInProcessWhenForked(SurefireStarter.java:107)
	at org.apache.maven.surefire.booter.ForkedBooter.main(ForkedBooter.java:68)
Caused by: java.lang.ClassNotFoundException: org.apache.log.format.Formatter
	at java.net.URLClassLoader.findClass(URLClassLoader.java:381)
	at java.lang.ClassLoader.loadClass(ClassLoader.java:424)
	at sun.misc.Launcher$AppClassLoader.loadClass(Launcher.java:331)
	at java.lang.ClassLoader.loadClass(ClassLoader.java:357)
	... 39 more
2015-11-13 00:34:48,753 - Trying to use logger class org.apache.velocity.runtime.log.Log4JLogChute
2015-11-13 00:34:48,753 - Using logger class org.apache.velocity.runtime.log.Log4JLogChute
2015-11-13 00:34:48,755 - Default ResourceManager initializing. (class org.apache.velocity.runtime.resource.ResourceManagerImpl)
2015-11-13 00:34:48,758 - ResourceLoader instantiated: org.apache.velocity.runtime.resource.loader.FileResourceLoader
2015-11-13 00:34:48,759 - Do unicode file recognition:  false
2015-11-13 00:34:48,759 - FileResourceLoader : adding path '.'
2015-11-13 00:34:48,771 - ResourceCache: initialized (class org.apache.velocity.runtime.resource.ResourceCacheImpl)
2015-11-13 00:34:48,772 - Loaded System Directive: org.apache.velocity.runtime.directive.Literal
2015-11-13 00:34:48,773 - Loaded System Directive: org.apache.velocity.runtime.directive.Macro
2015-11-13 00:34:48,774 - Loaded System Directive: org.apache.velocity.runtime.directive.Parse
2015-11-13 00:34:48,776 - Loaded System Directive: org.apache.velocity.runtime.directive.Include
2015-11-13 00:34:48,777 - Loaded System Directive: org.apache.velocity.runtime.directive.Foreach
2015-11-13 00:34:48,798 - Created '20' parsers.
2015-11-13 00:34:48,802 - Velocimacro : "velocimacro.library" is not set.  Trying default library: VM_global_library.vm
2015-11-13 00:34:48,802 - Velocimacro : Default library not found.
2015-11-13 00:34:48,802 - Velocimacro : allowInline = true : VMs can be defined inline in templates
2015-11-13 00:34:48,802 - Velocimacro : allowInlineToOverride = false : VMs defined inline may NOT replace previous VM definitions
2015-11-13 00:34:48,802 - Velocimacro : allowInlineLocal = false : VMs defined inline will be global in scope if allowed.
2015-11-13 00:34:48,802 - Velocimacro : autoload off : VM system will not automatically reload global library macros
2015-11-13 00:38:52,324 - Log4JLogChute initialized using file 'velocity.log'
2015-11-13 00:38:52,325 - Velocity was not initialized! Calling init()...
2015-11-13 00:38:52,325 - Starting Apache Velocity v1.5 (compiled: 2007-02-22 08:52:29)
2015-11-13 00:38:52,325 - Default Properties File: org/apache/velocity/runtime/defaults/velocity.properties
2015-11-13 00:38:52,325 - Trying to use logger class org.apache.velocity.runtime.log.AvalonLogChute
2015-11-13 00:38:52,326 - Couldn't find class org.apache.velocity.runtime.log.AvalonLogChute or necessary supporting classes in classpath.
java.lang.NoClassDefFoundError: org/apache/log/format/Formatter
	at java.lang.Class.forName0(Native Method)
	at java.lang.Class.forName(Class.java:348)
	at org.apache.velocity.util.ClassUtils.getClass(ClassUtils.java:63)
	at org.apache.velocity.util.ClassUtils.getNewInstance(ClassUtils.java:95)
	at org.apache.velocity.runtime.log.LogManager.createLogChute(LogManager.java:147)
	at org.apache.velocity.runtime.log.LogManager.updateLog(LogManager.java:208)
	at org.apache.velocity.runtime.RuntimeInstance.initializeLog(RuntimeInstance.java:728)
	at org.apache.velocity.runtime.RuntimeInstance.init(RuntimeInstance.java:240)
	at org.apache.velocity.runtime.RuntimeInstance.parse(RuntimeInstance.java:993)
	at org.apache.velocity.runtime.RuntimeInstance.parse(RuntimeInstance.java:972)
	at org.apache.velocity.runtime.RuntimeSingleton.parse(RuntimeSingleton.java:265)
	at org.apache.velocity.app.Velocity.evaluate(Velocity.java:274)
	at org.sonatype.mavenbook.weather.WeatherFormatter.format(WeatherFormatter.java:21)
	at org.sonatype.mavenbook.weather.yahoo.WeatherFormatterTest.testFormat(WeatherFormatterTest.java:23)
	at sun.reflect.NativeMethodAccessorImpl.invoke0(Native Method)
	at sun.reflect.NativeMethodAccessorImpl.invoke(NativeMethodAccessorImpl.java:62)
	at sun.reflect.DelegatingMethodAccessorImpl.invoke(DelegatingMethodAccessorImpl.java:43)
	at java.lang.reflect.Method.invoke(Method.java:497)
	at junit.framework.TestCase.runTest(TestCase.java:176)
	at junit.framework.TestCase.runBare(TestCase.java:141)
	at junit.framework.TestResult$1.protect(TestResult.java:122)
	at junit.framework.TestResult.runProtected(TestResult.java:142)
	at junit.framework.TestResult.run(TestResult.java:125)
	at junit.framework.TestCase.run(TestCase.java:129)
	at junit.framework.TestSuite.runTest(TestSuite.java:252)
	at junit.framework.TestSuite.run(TestSuite.java:247)
	at org.junit.internal.runners.JUnit38ClassRunner.run(JUnit38ClassRunner.java:86)
	at org.apache.maven.surefire.junit4.JUnit4TestSet.execute(JUnit4TestSet.java:53)
	at org.apache.maven.surefire.junit4.JUnit4Provider.executeTestSet(JUnit4Provider.java:123)
	at org.apache.maven.surefire.junit4.JUnit4Provider.invoke(JUnit4Provider.java:104)
	at sun.reflect.NativeMethodAccessorImpl.invoke0(Native Method)
	at sun.reflect.NativeMethodAccessorImpl.invoke(NativeMethodAccessorImpl.java:62)
	at sun.reflect.DelegatingMethodAccessorImpl.invoke(DelegatingMethodAccessorImpl.java:43)
	at java.lang.reflect.Method.invoke(Method.java:497)
	at org.apache.maven.surefire.util.ReflectionUtils.invokeMethodWithArray(ReflectionUtils.java:164)
	at org.apache.maven.surefire.booter.ProviderFactory$ProviderProxy.invoke(ProviderFactory.java:110)
	at org.apache.maven.surefire.booter.SurefireStarter.invokeProvider(SurefireStarter.java:175)
	at org.apache.maven.surefire.booter.SurefireStarter.runSuitesInProcessWhenForked(SurefireStarter.java:107)
	at org.apache.maven.surefire.booter.ForkedBooter.main(ForkedBooter.java:68)
Caused by: java.lang.ClassNotFoundException: org.apache.log.format.Formatter
	at java.net.URLClassLoader.findClass(URLClassLoader.java:381)
	at java.lang.ClassLoader.loadClass(ClassLoader.java:424)
	at sun.misc.Launcher$AppClassLoader.loadClass(Launcher.java:331)
	at java.lang.ClassLoader.loadClass(ClassLoader.java:357)
	... 39 more
2015-11-13 00:38:52,328 - Trying to use logger class org.apache.velocity.runtime.log.Log4JLogChute
2015-11-13 00:38:52,328 - Using logger class org.apache.velocity.runtime.log.Log4JLogChute
2015-11-13 00:38:52,329 - Default ResourceManager initializing. (class org.apache.velocity.runtime.resource.ResourceManagerImpl)
2015-11-13 00:38:52,332 - ResourceLoader instantiated: org.apache.velocity.runtime.resource.loader.FileResourceLoader
2015-11-13 00:38:52,333 - Do unicode file recognition:  false
2015-11-13 00:38:52,333 - FileResourceLoader : adding path '.'
2015-11-13 00:38:52,343 - ResourceCache: initialized (class org.apache.velocity.runtime.resource.ResourceCacheImpl)
2015-11-13 00:38:52,344 - Loaded System Directive: org.apache.velocity.runtime.directive.Literal
2015-11-13 00:38:52,345 - Loaded System Directive: org.apache.velocity.runtime.directive.Macro
2015-11-13 00:38:52,346 - Loaded System Directive: org.apache.velocity.runtime.directive.Parse
2015-11-13 00:38:52,348 - Loaded System Directive: org.apache.velocity.runtime.directive.Include
2015-11-13 00:38:52,349 - Loaded System Directive: org.apache.velocity.runtime.directive.Foreach
2015-11-13 00:38:52,371 - Created '20' parsers.
2015-11-13 00:38:52,375 - Velocimacro : "velocimacro.library" is not set.  Trying default library: VM_global_library.vm
2015-11-13 00:38:52,376 - Velocimacro : Default library not found.
2015-11-13 00:38:52,376 - Velocimacro : allowInline = true : VMs can be defined inline in templates
2015-11-13 00:38:52,376 - Velocimacro : allowInlineToOverride = false : VMs defined inline may NOT replace previous VM definitions
2015-11-13 00:38:52,376 - Velocimacro : allowInlineLocal = false : VMs defined inline will be global in scope if allowed.
2015-11-13 00:38:52,376 - Velocimacro : autoload off : VM system will not automatically reload global library macros
2015-11-13 00:42:08,785 - Log4JLogChute initialized using file 'velocity.log'
2015-11-13 00:42:08,785 - Velocity was not initialized! Calling init()...
2015-11-13 00:42:08,785 - Starting Apache Velocity v1.5 (compiled: 2007-02-22 08:52:29)
2015-11-13 00:42:08,785 - Default Properties File: org/apache/velocity/runtime/defaults/velocity.properties
2015-11-13 00:42:08,785 - Trying to use logger class org.apache.velocity.runtime.log.AvalonLogChute
2015-11-13 00:42:08,786 - Couldn't find class org.apache.velocity.runtime.log.AvalonLogChute or necessary supporting classes in classpath.
java.lang.NoClassDefFoundError: org/apache/log/format/Formatter
	at java.lang.Class.forName0(Native Method)
	at java.lang.Class.forName(Class.java:348)
	at org.apache.velocity.util.ClassUtils.getClass(ClassUtils.java:63)
	at org.apache.velocity.util.ClassUtils.getNewInstance(ClassUtils.java:95)
	at org.apache.velocity.runtime.log.LogManager.createLogChute(LogManager.java:147)
	at org.apache.velocity.runtime.log.LogManager.updateLog(LogManager.java:208)
	at org.apache.velocity.runtime.RuntimeInstance.initializeLog(RuntimeInstance.java:728)
	at org.apache.velocity.runtime.RuntimeInstance.init(RuntimeInstance.java:240)
	at org.apache.velocity.runtime.RuntimeInstance.parse(RuntimeInstance.java:993)
	at org.apache.velocity.runtime.RuntimeInstance.parse(RuntimeInstance.java:972)
	at org.apache.velocity.runtime.RuntimeSingleton.parse(RuntimeSingleton.java:265)
	at org.apache.velocity.app.Velocity.evaluate(Velocity.java:274)
	at org.sonatype.mavenbook.weather.WeatherFormatter.format(WeatherFormatter.java:21)
	at org.sonatype.mavenbook.weather.yahoo.WeatherFormatterTest.testFormat(WeatherFormatterTest.java:23)
	at sun.reflect.NativeMethodAccessorImpl.invoke0(Native Method)
	at sun.reflect.NativeMethodAccessorImpl.invoke(NativeMethodAccessorImpl.java:62)
	at sun.reflect.DelegatingMethodAccessorImpl.invoke(DelegatingMethodAccessorImpl.java:43)
	at java.lang.reflect.Method.invoke(Method.java:497)
	at junit.framework.TestCase.runTest(TestCase.java:176)
	at junit.framework.TestCase.runBare(TestCase.java:141)
	at junit.framework.TestResult$1.protect(TestResult.java:122)
	at junit.framework.TestResult.runProtected(TestResult.java:142)
	at junit.framework.TestResult.run(TestResult.java:125)
	at junit.framework.TestCase.run(TestCase.java:129)
	at junit.framework.TestSuite.runTest(TestSuite.java:252)
	at junit.framework.TestSuite.run(TestSuite.java:247)
	at org.junit.internal.runners.JUnit38ClassRunner.run(JUnit38ClassRunner.java:86)
	at org.apache.maven.surefire.junit4.JUnit4TestSet.execute(JUnit4TestSet.java:53)
	at org.apache.maven.surefire.junit4.JUnit4Provider.executeTestSet(JUnit4Provider.java:123)
	at org.apache.maven.surefire.junit4.JUnit4Provider.invoke(JUnit4Provider.java:104)
	at sun.reflect.NativeMethodAccessorImpl.invoke0(Native Method)
	at sun.reflect.NativeMethodAccessorImpl.invoke(NativeMethodAccessorImpl.java:62)
	at sun.reflect.DelegatingMethodAccessorImpl.invoke(DelegatingMethodAccessorImpl.java:43)
	at java.lang.reflect.Method.invoke(Method.java:497)
	at org.apache.maven.surefire.util.ReflectionUtils.invokeMethodWithArray(ReflectionUtils.java:164)
	at org.apache.maven.surefire.booter.ProviderFactory$ProviderProxy.invoke(ProviderFactory.java:110)
	at org.apache.maven.surefire.booter.SurefireStarter.invokeProvider(SurefireStarter.java:175)
	at org.apache.maven.surefire.booter.SurefireStarter.runSuitesInProcessWhenForked(SurefireStarter.java:107)
	at org.apache.maven.surefire.booter.ForkedBooter.main(ForkedBooter.java:68)
Caused by: java.lang.ClassNotFoundException: org.apache.log.format.Formatter
	at java.net.URLClassLoader.findClass(URLClassLoader.java:381)
	at java.lang.ClassLoader.loadClass(ClassLoader.java:424)
	at sun.misc.Launcher$AppClassLoader.loadClass(Launcher.java:331)
	at java.lang.ClassLoader.loadClass(ClassLoader.java:357)
	... 39 more
2015-11-13 00:42:08,789 - Trying to use logger class org.apache.velocity.runtime.log.Log4JLogChute
2015-11-13 00:42:08,789 - Using logger class org.apache.velocity.runtime.log.Log4JLogChute
2015-11-13 00:42:08,791 - Default ResourceManager initializing. (class org.apache.velocity.runtime.resource.ResourceManagerImpl)
2015-11-13 00:42:08,795 - ResourceLoader instantiated: org.apache.velocity.runtime.resource.loader.FileResourceLoader
2015-11-13 00:42:08,796 - Do unicode file recognition:  false
2015-11-13 00:42:08,796 - FileResourceLoader : adding path '.'
2015-11-13 00:42:08,808 - ResourceCache: initialized (class org.apache.velocity.runtime.resource.ResourceCacheImpl)
2015-11-13 00:42:08,810 - Loaded System Directive: org.apache.velocity.runtime.directive.Literal
2015-11-13 00:42:08,811 - Loaded System Directive: org.apache.velocity.runtime.directive.Macro
2015-11-13 00:42:08,813 - Loaded System Directive: org.apache.velocity.runtime.directive.Parse
2015-11-13 00:42:08,815 - Loaded System Directive: org.apache.velocity.runtime.directive.Include
2015-11-13 00:42:08,816 - Loaded System Directive: org.apache.velocity.runtime.directive.Foreach
2015-11-13 00:42:08,840 - Created '20' parsers.
2015-11-13 00:42:08,844 - Velocimacro : "velocimacro.library" is not set.  Trying default library: VM_global_library.vm
2015-11-13 00:42:08,845 - Velocimacro : Default library not found.
2015-11-13 00:42:08,845 - Velocimacro : allowInline = true : VMs can be defined inline in templates
2015-11-13 00:42:08,845 - Velocimacro : allowInlineToOverride = false : VMs defined inline may NOT replace previous VM definitions
2015-11-13 00:42:08,845 - Velocimacro : allowInlineLocal = false : VMs defined inline will be global in scope if allowed.
2015-11-13 00:42:08,845 - Velocimacro : autoload off : VM system will not automatically reload global library macros
